<?xml version="1.0" encoding="UTF-8"?>
<!-- Generated by org.testng.reporters.JUnitReportReporter -->
<testsuite hostname="DESKTOP-D3J8TSK" failures="0" tests="1" name="subhrajitbasakacademy.TestCases.EcommerceApplication" time="20.651" errors="0" timestamp="2024-07-24T08:15:29 CDT" skipped="0">
  <testcase classname="subhrajitbasakacademy.TestCases.EcommerceApplication" name="submitOrder" time="20.651"/>
</testsuite> <!-- subhrajitbasakacademy.TestCases.EcommerceApplication -->
