<?xml version="1.0" encoding="UTF-8"?>
<!-- Generated by org.testng.reporters.JUnitReportReporter -->
<testsuite hostname="DESKTOP-D3J8TSK" failures="0" tests="3" name="subhrajitbasakacademy.TestCases.EcommerceApplicationTest" time="50.758" errors="0" timestamp="2024-07-25T12:39:56 CDT" skipped="0">
  <testcase classname="subhrajitbasakacademy.TestCases.EcommerceApplicationTest" name="submitOrder" time="17.563"/>
  <testcase classname="subhrajitbasakacademy.TestCases.EcommerceApplicationTest" name="submitOrder" time="18.323"/>
  <testcase classname="subhrajitbasakacademy.TestCases.EcommerceApplicationTest" name="orderListValidationTest" time="14.872"/>
</testsuite> <!-- subhrajitbasakacademy.TestCases.EcommerceApplicationTest -->
