<?xml version="1.0" encoding="UTF-8"?>
<!-- Generated by org.testng.reporters.JUnitReportReporter -->
<testsuite hostname="DESKTOP-D3J8TSK" failures="0" tests="3" name="subhrajitbasakacademy.TestCases.EcommerceApplicationTest" time="47.003" errors="0" timestamp="2024-07-25T18:31:27 CDT" skipped="0">
  <testcase classname="subhrajitbasakacademy.TestCases.EcommerceApplicationTest" name="submitOrder" time="20.616"/>
  <testcase classname="subhrajitbasakacademy.TestCases.EcommerceApplicationTest" name="submitOrder" time="18.267"/>
  <testcase classname="subhrajitbasakacademy.TestCases.EcommerceApplicationTest" name="orderListValidationTest" time="8.120"/>
</testsuite> <!-- subhrajitbasakacademy.TestCases.EcommerceApplicationTest -->
